<?xml version="1.0" encoding="UTF-8"?>
<!-- Generated by org.testng.reporters.JUnitXMLReporter -->
<testsuite ignored="0" hostname="DESKTOP-HCGN18M" failures="0" tests="6" name="chrome Test" time="46.513" errors="0" timestamp="2022-04-13T00:57:26 IST">
  <testcase classname="parametraization_crossbrowser.allbrowser" name="crossbrowser" time="43.84"/>
  <testcase classname="parametraization_crossbrowser.allbrowser" name="verifycurrenturl" time="0.018"/>
  <testcase classname="parametraization_crossbrowser.allbrowser" name="verifypageTitle" time="0.012"/>
  <testcase classname="parametraization_crossbrowser.allbrowser" name="username" time="0.86"/>
  <testcase classname="parametraization_crossbrowser.allbrowser" name="password" time="0.45"/>
  <testcase classname="parametraization_crossbrowser.allbrowser" name="loginBtn" time="0.442"/>
</testsuite> <!-- chrome Test -->
