<?xml version="1.0" encoding="UTF-8"?>
<!-- Generated by org.testng.reporters.JUnitXMLReporter -->
<testsuite ignored="0" hostname="DESKTOP-HCGN18M" failures="0" tests="6" name="firefox Test" time="43.378" errors="0" timestamp="2022-04-13T00:57:23 IST">
  <testcase classname="parametraization_crossbrowser.allbrowser" name="crossbrowser" time="33.867"/>
  <testcase classname="parametraization_crossbrowser.allbrowser" name="verifycurrenturl" time="0.04"/>
  <testcase classname="parametraization_crossbrowser.allbrowser" name="verifypageTitle" time="0.039"/>
  <testcase classname="parametraization_crossbrowser.allbrowser" name="username" time="0.398"/>
  <testcase classname="parametraization_crossbrowser.allbrowser" name="password" time="0.363"/>
  <testcase classname="parametraization_crossbrowser.allbrowser" name="loginBtn" time="1.688"/>
</testsuite> <!-- firefox Test -->
