<?xml version="1.0" encoding="UTF-8"?>
<!-- Generated by org.testng.reporters.JUnitXMLReporter -->
<testsuite ignored="3" hostname="DESKTOP-HCGN18M" failures="0" tests="6" name="functional Test" time="0.142" errors="0" timestamp="2022-04-06T15:37:19 IST">
  <testcase classname="grupingExample.testCase1" name="Test2" time="0.013"/>
  <testcase classname="grupingExample.testCase1" name="Test3" time="0.003"/>
  <testcase classname="grupingExample.testCase2" name="Test5" time="0.002"/>
  <testcase classname="grupingExample.testCase2" name="Test6" time="0.005"/>
  <testcase classname="grupingExample.testCase3" name="Test8" time="0.003"/>
  <testcase classname="grupingExample.testCase3" name="Test9" time="0.003"/>
  <testcase classname="grupingExample.testCase2" name="Test4" time="0.0">
    <ignored/>
  </testcase> <!-- Test4 -->
  <testcase classname="grupingExample.testCase3" name="Test7" time="0.0">
    <ignored/>
  </testcase> <!-- Test7 -->
  <testcase classname="grupingExample.testCase1" name="Test1" time="0.0">
    <ignored/>
  </testcase> <!-- Test1 -->
</testsuite> <!-- functional Test -->
