<?xml version="1.0" encoding="UTF-8"?>
<!-- Generated by org.testng.reporters.JUnitXMLReporter -->
<testsuite ignored="0" hostname="DESKTOP-HCGN18M" failures="0" tests="12" name="functionalTest" time="0.22" errors="0" timestamp="2022-04-05T16:41:28 IST">
  <testcase classname="anotationExample.TC4" name="m4" time="0.011"/>
  <testcase classname="anotationExample.TC4" name="m5" time="0.004"/>
  <testcase classname="anotationExample.TC4" name="m6" time="0.003"/>
  <testcase classname="anotationExample.TC3" name="m1" time="0.005"/>
  <testcase classname="anotationExample.TC3" name="m2" time="0.009"/>
  <testcase classname="anotationExample.TC3" name="m3" time="0.013"/>
  <testcase classname="anotationExample.TC2" name="m4" time="0.002"/>
  <testcase classname="anotationExample.TC2" name="m5" time="0.006"/>
  <testcase classname="anotationExample.TC2" name="m6" time="0.004"/>
  <testcase classname="anotationExample.TC1" name="m1" time="0.001"/>
  <testcase classname="anotationExample.TC1" name="m2" time="0.002"/>
  <testcase classname="anotationExample.TC1" name="m3" time="0.005"/>
</testsuite> <!-- functionalTest -->
